-------------------------------------------------------------------------------
Test set: def.CreateQuestionDAW
-------------------------------------------------------------------------------
Tests run: 2, Failures: 0, Errors: 1, Skipped: 0, Time elapsed: 0.111 sec <<< FAILURE! - in def.CreateQuestionDAW
test1(def.CreateQuestionDAW)  Time elapsed: 0.058 sec  <<< ERROR!
java.util.MissingResourceException: Can't find bundle for base name Etiquetas, locale es_ES
	at def.CreateQuestionDAW.test1(CreateQuestionDAW.java:58)

