<?xml version="1.0" encoding="UTF-8"?>
<testsuite xmlns:xsi="http://www.w3.org/2001/XMLSchema-instance" xsi:schemaLocation="https://maven.apache.org/surefire/maven-surefire-plugin/xsd/surefire-test-report.xsd" name="def.CreateQuestionDAB" time="0.057" tests="3" errors="2" skipped="0" failures="0">
  <properties>
[...]
</properties>
  <testcase name="test1" classname="def.CreateQuestionDAB" time="0.034"/>
  <testcase name="test2" classname="def.CreateQuestionDAB" time="0.001">
    <error message="Cannot invoke &quot;domain.Event.getEventNumber()&quot; because &quot;event&quot; is null" type="java.lang.NullPointerException">java.lang.NullPointerException: Cannot invoke "domain.Event.getEventNumber()" because "event" is null
	at def.CreateQuestionDAB.test2(CreateQuestionDAB.java:106)
</error>
    <system-out><![CDATA[>> DataAccess: createQuestion=> event= null question= query1 betMinimum=2.0
]]></system-out>
  </testcase>
  <testcase name="test3" classname="def.CreateQuestionDAB" time="0.022">
    <error message="Cannot read field &quot;value&quot; because &quot;anotherString&quot; is null" type="java.lang.NullPointerException">java.lang.NullPointerException: Cannot read field "value" because "anotherString" is null
	at def.CreateQuestionDAB.test3(CreateQuestionDAB.java:144)
</error>
    <system-out><![CDATA[Opening TestDataAccess instance 
>> DataAccessTest: addEvent
DataBase closed
>> DataAccess: createQuestion=> event= 529;event1 question= null betMinimum=2.0
Opening TestDataAccess instance 
>> DataAccessTest: removeEvent
DataBase closed
]]></system-out>
  </testcase>
</testsuite>